<?xml version="1.0" encoding="UTF-8"?>
<testng-results ignored="0" total="1" passed="1" failed="0" skipped="0">
  <reporter-output>
  </reporter-output>
  <suite started-at="2023-10-04T19:12:58 IST" name="Default suite" finished-at="2023-10-04T19:13:06 IST" duration-ms="8316">
    <groups>
    </groups>
    <test started-at="2023-10-04T19:12:58 IST" name="Default test" finished-at="2023-10-04T19:13:06 IST" duration-ms="8316">
      <class name="com.d.demoselmavn.TestSwademmvn">
        <test-method is-config="true" signature="setUp()[pri:0, instance:com.d.demoselmavn.TestSwademmvn@5f20155b]" started-at="2023-10-04T19:12:58 IST" name="setUp" finished-at="2023-10-04T19:13:03 IST" duration-ms="5555" status="PASS">
          <reporter-output>
          </reporter-output>
        </test-method> <!-- setUp -->
        <test-method signature="testGoogleSearch()[pri:0, instance:com.d.demoselmavn.TestSwademmvn@5f20155b]" started-at="2023-10-04T19:13:04 IST" name="testGoogleSearch" finished-at="2023-10-04T19:13:05 IST" duration-ms="1308" status="PASS">
          <reporter-output>
          </reporter-output>
        </test-method> <!-- testGoogleSearch -->
        <test-method is-config="true" signature="tearDown()[pri:0, instance:com.d.demoselmavn.TestSwademmvn@5f20155b]" started-at="2023-10-04T19:13:05 IST" name="tearDown" finished-at="2023-10-04T19:13:06 IST" duration-ms="1406" status="PASS">
          <reporter-output>
          </reporter-output>
        </test-method> <!-- tearDown -->
      </class> <!-- com.d.demoselmavn.TestSwademmvn -->
    </test> <!-- Default test -->
  </suite> <!-- Default suite -->
</testng-results>
